<?xml version="1.0" encoding="UTF-8"?>
<!-- Generated by org.testng.reporters.JUnitReportReporter -->
<testsuite skipped="0" hostname="User" name="com.ijmeet.testcases.LoginPageTest" tests="1" failures="0" timestamp="24 Aug 2020 13:55:21 GMT" time="109.951" errors="0">
  <testcase name="tc_001" time="109.951" classname="com.ijmeet.testcases.LoginPageTest"/>
</testsuite> <!-- com.ijmeet.testcases.LoginPageTest -->
