<?xml version="1.0" encoding="UTF-8"?>
<!-- Generated by org.testng.reporters.JUnitReportReporter -->
<testsuite skipped="0" hostname="User" name="com.ijmeet.testcases.SignInTest" tests="1" failures="0" timestamp="25 Aug 2020 12:22:27 GMT" time="63.387" errors="0">
  <testcase name="tc_001" time="63.387" classname="com.ijmeet.testcases.SignInTest"/>
</testsuite> <!-- com.ijmeet.testcases.SignInTest -->
